2024-06-10 15:41:15 Loading main app package /usr/lib/obsidian/obsidian.asar
2024-06-10 15:41:15 Checking for update using Github
2024-06-10 15:41:15 Success.
2024-06-10 15:41:15 Latest version is 1.6.3
2024-06-10 15:41:15 App is up to date.
2024-06-10 15:42:13 Loading main app package /usr/lib/obsidian/obsidian.asar
2024-06-10 15:42:13 Checking for update using Github
2024-06-10 15:42:13 Success.
2024-06-10 15:42:13 Latest version is 1.6.3
2024-06-10 15:42:13 App is up to date.
2024-06-10 15:42:23 Checking for update using Github
2024-06-10 15:42:23 Success.
2024-06-10 15:42:23 Latest version is 1.6.3
2024-06-10 15:42:23 App is up to date.
2024-06-10 15:46:06 Loading main app package /usr/lib/obsidian/obsidian.asar
2024-06-10 15:46:07 Checking for update using Github
2024-06-10 15:46:07 Success.
2024-06-10 15:46:07 Latest version is 1.6.3
2024-06-10 15:46:07 App is up to date.
2024-06-10 15:46:57 Loading main app package /usr/lib/obsidian/obsidian.asar
2024-06-10 15:46:58 Checking for update using Github
2024-06-10 15:46:58 Success.
2024-06-10 15:46:58 Latest version is 1.6.3
2024-06-10 15:46:58 App is up to date.
